\BOOKMARK [1][-]{section*.1}{\376\377\144\130\211\201}{}% 1
\BOOKMARK [1][-]{section*.2}{\376\377\000A\000b\000s\000t\000r\000a\000c\000t}{}% 2
\BOOKMARK [1][-]{section.1}{\376\377\133\236\232\214\116\000\040\024\040\024\122\051\165\050\116\244\143\142\147\072\173\200\123\125\176\304\177\121}{}% 3
\BOOKMARK [2][-]{subsection.1.1}{\376\377\133\236\232\214\213\276\213\241}{section.1}% 4
\BOOKMARK [2][-]{subsection.1.2}{\376\377\133\236\232\214\176\323\147\234}{section.1}% 5
\BOOKMARK [2][-]{subsection.1.3}{\376\377\133\236\232\214\176\323\213\272}{section.1}% 6
\BOOKMARK [1][-]{section.2}{\376\377\133\236\232\214\116\214\040\024\040\024\136\177\144\255\230\316\146\264}{}% 7
\BOOKMARK [2][-]{subsection.2.1}{\376\377\133\236\232\214\213\276\213\241}{section.2}% 8
\BOOKMARK [2][-]{subsection.2.2}{\376\377\133\236\232\214\176\323\147\234}{section.2}% 9
\BOOKMARK [2][-]{subsection.2.3}{\376\377\133\236\232\214\176\323\213\272}{section.2}% 10
\BOOKMARK [1][-]{section.3}{\376\377\133\236\232\214\116\011\040\023\000v\000l\000a\000n}{}% 11
\BOOKMARK [2][-]{subsection.3.1}{\376\377\133\236\232\214\213\276\213\241}{section.3}% 12
\BOOKMARK [2][-]{subsection.3.2}{\376\377\133\236\232\214\176\323\147\234}{section.3}% 13
\BOOKMARK [2][-]{subsection.3.3}{\376\377\133\236\232\214\176\323\213\272}{section.3}% 14
\BOOKMARK [1][-]{section.4}{\376\377\133\236\232\214\126\333\040\024\040\024\122\051\165\050\215\357\165\061\126\150\133\236\163\260\215\350\177\121\153\265\213\277\225\356}{}% 15
\BOOKMARK [2][-]{subsection.4.1}{\376\377\133\236\232\214\213\276\213\241}{section.4}% 16
\BOOKMARK [2][-]{subsection.4.2}{\376\377\213\325\232\214\176\323\147\234}{section.4}% 17
\BOOKMARK [2][-]{subsection.4.3}{\376\377\133\236\232\214\176\323\213\272}{section.4}% 18
\BOOKMARK [1][-]{appendix.A}{\376\377\137\303\137\227\117\123\117\032}{}% 19
\BOOKMARK [2][-]{subsection.A.1}{\376\377\124\025\226\352\121\260}{appendix.A}% 20
\BOOKMARK [2][-]{subsection.A.2}{\376\377\137\040\160\032\147\227}{appendix.A}% 21
\BOOKMARK [2][-]{subsection.A.3}{\376\377\147\116\116\221\167\037}{appendix.A}% 22
\BOOKMARK [2][-]{subsection.A.4}{\376\377\121\344\226\350\132\167}{appendix.A}% 23
\BOOKMARK [2][-]{subsection.A.5}{\376\377\147\116\146\012}{appendix.A}% 24
\BOOKMARK [2][-]{subsection.A.6}{\376\377\163\213\155\151\154\342}{appendix.A}% 25
