This is XeTeX, Version 3.14159265-2.6-0.99992 (TeX Live 2015/Debian) (preloaded format=xelatex 2017.12.27)  28 DEC 2017 21:37
entering extended mode
 restricted \write18 enabled.
 %&-line parsing enabled.
**abstract.tex
(./abstract.tex
LaTeX2e <2016/02/01>
Babel <3.9q> and hyphenation patterns for 81 language(s) loaded.
! Undefined control sequence.
l.1 \section
            *{\zihao{2} \centering æ‘˜è¦}
The control sequence at the end of the top line
of your error message was never \def'ed. If you have
misspelled it (e.g., `\hobx'), type `I' and the correct
spelling (e.g., `I\hbox'). Otherwise just continue,
and I'll forget about whatever was undefined.


! LaTeX Error: Missing \begin{document}.

See the LaTeX manual or LaTeX Companion for explanation.
Type  H <return>  for immediate help.
 ...                                              
                                                  
l.1 \section*
             {\zihao{2} \centering æ‘˜è¦}
You're in trouble here.  Try typing  <return>  to proceed.
If that doesn't work, type  X <return>  to quit.

Missing character: There is no * in font nullfont!
! Undefined control sequence.
l.1 \section*{\zihao
                    {2} \centering æ‘˜è¦}
The control sequence at the end of the top line
of your error message was never \def'ed. If you have
misspelled it (e.g., `\hobx'), type `I' and the correct
spelling (e.g., `I\hbox'). Otherwise just continue,
and I'll forget about whatever was undefined.

Missing character: There is no 2 in font nullfont!
Missing character: There is no æ‘˜ in font nullfont!
Missing character: There is no è¦ in font nullfont!

Overfull \hbox (20.0pt too wide) in paragraph at lines 1--2
[]
 []


! LaTeX Error: Missing \begin{document}.

See the LaTeX manual or LaTeX Companion for explanation.
Type  H <return>  for immediate help.
 ...                                              
                                                  
l.4 æœ¬
       æ–‡åŸºäºæ­¦æ±‰ç†å·¥å¤§å­¦æœ¬ç§‘ç”Ÿæ¯•ä¸šè®ºæ–‡æ ¼å¼2013ç‰ˆçš„ç›¸å…...

You're in trouble here.  Try typing  <return>  to proceed.
If that doesn't work, type  X <return>  to quit.

Missing character: There is no æœ¬ in font nullfont!
Missing character: There is no æ–‡ in font nullfont!
Missing character: There is no åŸº in font nullfont!
Missing character: There is no äº in font nullfont!
Missing character: There is no æ­¦ in font nullfont!
Missing character: There is no æ±‰ in font nullfont!
Missing character: There is no ç† in font nullfont!
Missing character: There is no å·¥ in font nullfont!
Missing character: There is no å¤§ in font nullfont!
Missing character: There is no å­¦ in font nullfont!
Missing character: There is no æœ¬ in font nullfont!
Missing character: There is no ç§‘ in font nullfont!
Missing character: There is no ç”Ÿ in font nullfont!
Missing character: There is no æ¯• in font nullfont!
Missing character: There is no ä¸š in font nullfont!
Missing character: There is no è®º in font nullfont!
Missing character: There is no æ–‡ in font nullfont!
Missing character: There is no æ ¼ in font nullfont!
Missing character: There is no å¼ in font nullfont!
Missing character: There is no 2 in font nullfont!
Missing character: There is no 0 in font nullfont!
Missing character: There is no 1 in font nullfont!
Missing character: There is no 3 in font nullfont!
Missing character: There is no ç‰ˆ in font nullfont!
Missing character: There is no çš„ in font nullfont!
Missing character: There is no ç›¸ in font nullfont!
Missing character: There is no å…³ in font nullfont!
Missing character: There is no è¦ in font nullfont!
Missing character: There is no æ±‚ in font nullfont!
Missing character: There is no ï¼Œ in font nullfont!
Missing character: There is no ç»“ in font nullfont!
Missing character: There is no åˆ in font nullfont!
Missing character: There is no L in font nullfont!
Missing character: There is no T in font nullfont!
LaTeX Font Info:    External font `cmex10' loaded for size
(Font)              <7> on input line 4.
LaTeX Font Info:    External font `cmex10' loaded for size
(Font)              <5> on input line 4.
Missing character: There is no T in font nullfont!
Missing character: There is no E in font nullfont!
Missing character: There is no X in font nullfont!
Missing character: There is no åœ¨ in font nullfont!
Missing character: There is no å® in font nullfont!
Missing character: There is no é™… in font nullfont!
Missing character: There is no è¿ in font nullfont!
Missing character: There is no ç”¨ in font nullfont!
Missing character: There is no ä¸­ in font nullfont!
Missing character: There is no çš„ in font nullfont!
Missing character: There is no åŸº in font nullfont!
Missing character: There is no æœ¬ in font nullfont!
Missing character: There is no æŠ€ in font nullfont!
Missing character: There is no å·§ in font nullfont!
Missing character: There is no å’Œ in font nullfont!
Missing character: There is no æ–¹ in font nullfont!
Missing character: There is no æ³• in font nullfont!
Missing character: There is no å¯¹ in font nullfont!
Missing character: There is no äº in font nullfont!
Missing character: There is no ç§‘ in font nullfont!
Missing character: There is no æŠ€ in font nullfont!
Missing character: There is no è®º in font nullfont!
Missing character: There is no æ–‡ in font nullfont!
Missing character: There is no æ’ in font nullfont!
Missing character: There is no ç‰ˆ in font nullfont!
Missing character: There is no æ–¹ in font nullfont!
Missing character: There is no æ³• in font nullfont!
Missing character: There is no è¿› in font nullfont!
Missing character: There is no è¡Œ in font nullfont!
Missing character: There is no ä¸€ in font nullfont!
Missing character: There is no ä¸ª in font nullfont!
Missing character: There is no ç®€ in font nullfont!
Missing character: There is no ç•¥ in font nullfont!
Missing character: There is no çš„ in font nullfont!
Missing character: There is no ä»‹ in font nullfont!
Missing character: There is no ç» in font nullfont!
Missing character: There is no ã€‚ in font nullfont!
Missing character: There is no é€š in font nullfont!
Missing character: There is no è¿‡ in font nullfont!
Missing character: There is no å‚ in font nullfont!
Missing character: There is no ç…§ in font nullfont!
Missing character: There is no æœ¬ in font nullfont!
Missing character: There is no ç§‘ in font nullfont!
Missing character: There is no ç”Ÿ in font nullfont!
Missing character: There is no æ¯• in font nullfont!
Missing character: There is no ä¸š in font nullfont!
Missing character: There is no è®º in font nullfont!
Missing character: There is no æ–‡ in font nullfont!
Missing character: There is no çš„ in font nullfont!
Missing character: There is no ç›¸ in font nullfont!
Missing character: There is no å…³ in font nullfont!
Missing character: There is no è¦ in font nullfont!
Missing character: There is no æ±‚ in font nullfont!
Missing character: There is no ï¼Œ in font nullfont!
Missing character: There is no å® in font nullfont!
Missing character: There is no ç° in font nullfont!
Missing character: There is no äº† in font nullfont!
Missing character: There is no ç¬¦ in font nullfont!
Missing character: There is no åˆ in font nullfont!
Missing character: There is no å›½ in font nullfont!
Missing character: There is no é™… in font nullfont!
Missing character: There is no ç§‘ in font nullfont!
Missing character: There is no æŠ€ in font nullfont!
Missing character: There is no è®º in font nullfont!
Missing character: There is no æ–‡ in font nullfont!
Missing character: There is no æ’ in font nullfont!
Missing character: There is no ç‰ˆ in font nullfont!
Missing character: There is no è§„ in font nullfont!
Missing character: There is no åˆ™ in font nullfont!
Missing character: There is no çš„ in font nullfont!
Missing character: There is no å…· in font nullfont!
Missing character: There is no æœ‰ in font nullfont!
Missing character: There is no ä¸€ in font nullfont!
Missing character: There is no å®š in font nullfont!
Missing character: There is no ç¾ in font nullfont!
Missing character: There is no æ„Ÿ in font nullfont!
Missing character: There is no çš„ in font nullfont!
Missing character: There is no æ¯• in font nullfont!
Missing character: There is no ä¸š in font nullfont!
Missing character: There is no è®º in font nullfont!
Missing character: There is no æ–‡ in font nullfont!
Missing character: There is no æ¨¡ in font nullfont!
Missing character: There is no æ¿ in font nullfont!
Missing character: There is no è®¾ in font nullfont!
Missing character: There is no è®¡ in font nullfont!
Missing character: There is no ã€‚ in font nullfont!

Overfull \hbox (25.90282pt too wide) in paragraph at lines 4--5
[][][] 
 []


! LaTeX Error: Missing \begin{document}.

See the LaTeX manual or LaTeX Companion for explanation.
Type  H <return>  for immediate help.
 ...                                              
                                                  
l.7 \textbf{å…³é”®è¯:}
                         åŠ¨åŠ›å®šä½ï¼Œ èˆ¹èˆ¶æ“çºµæ€§ ï¼Œæ§åˆ¶æ–¹æ³•ï¼Œç...

You're in trouble here.  Try typing  <return>  to proceed.
If that doesn't work, type  X <return>  to quit.

Missing character: There is no å…³ in font cmbx10!
Missing character: There is no é”® in font cmbx10!
Missing character: There is no è¯ in font cmbx10!
Missing character: There is no åŠ¨ in font nullfont!
Missing character: There is no åŠ› in font nullfont!
Missing character: There is no å®š in font nullfont!
Missing character: There is no ä½ in font nullfont!
Missing character: There is no ï¼Œ in font nullfont!
Missing character: There is no èˆ¹ in font nullfont!
Missing character: There is no èˆ¶ in font nullfont!
Missing character: There is no æ“ in font nullfont!
Missing character: There is no çºµ in font nullfont!
Missing character: There is no æ€§ in font nullfont!
Missing character: There is no ï¼Œ in font nullfont!
Missing character: There is no æ§ in font nullfont!
Missing character: There is no åˆ¶ in font nullfont!
Missing character: There is no æ–¹ in font nullfont!
Missing character: There is no æ³• in font nullfont!
Missing character: There is no ï¼Œ in font nullfont!
Missing character: There is no çŠ¶ in font nullfont!
Missing character: There is no æ€ in font nullfont!
Missing character: There is no ä¼° in font nullfont!
Missing character: There is no è®¡ in font nullfont!
Missing character: There is no ç®— in font nullfont!
Missing character: There is no æ³• in font nullfont!

Overfull \hbox (23.19443pt too wide) in paragraph at lines 7--9
[]\OT1/cmr/bx/n/10 :
 []


! LaTeX Error: The font size command \normalsize is not defined:
               there is probably something wrong with the class file.

See the LaTeX manual or LaTeX Companion for explanation.
Type  H <return>  for immediate help.
 ...                                              
                                                  
l.10 \clearpage
               
Your command was ignored.
Type  I <command> <return>  to replace it with another command,
or  <return>  to continue without it.

[1
! Undefined control sequence.
<write> ...ontentsline {section}{æ‘˜è¦}{\thepage 
                                                  }}
l.10 \clearpage
               
The control sequence at the end of the top line
of your error message was never \def'ed. If you have
misspelled it (e.g., `\hobx'), type `I' and the correct
spelling (e.g., `I\hbox'). Otherwise just continue,
and I'll forget about whatever was undefined.

\@writefile{toc}{\contentsline {section}{æ‘˜è¦}{}}
]
! Undefined control sequence.
l.11 \section
             *{\zihao{2} \centering \textbf{Abstract} }
The control sequence at the end of the top line
of your error message was never \def'ed. If you have
misspelled it (e.g., `\hobx'), type `I' and the correct
spelling (e.g., `I\hbox'). Otherwise just continue,
and I'll forget about whatever was undefined.


! LaTeX Error: Missing \begin{document}.

See the LaTeX manual or LaTeX Companion for explanation.
Type  H <return>  for immediate help.
 ...                                              
                                                  
l.11 \section*
              {\zihao{2} \centering \textbf{Abstract} }
You're in trouble here.  Try typing  <return>  to proceed.
If that doesn't work, type  X <return>  to quit.

Missing character: There is no * in font nullfont!
! Undefined control sequence.
l.11 \section*{\zihao
                     {2} \centering \textbf{Abstract} }
The control sequence at the end of the top line
of your error message was never \def'ed. If you have
misspelled it (e.g., `\hobx'), type `I' and the correct
spelling (e.g., `I\hbox'). Otherwise just continue,
and I'll forget about whatever was undefined.

Missing character: There is no 2 in font nullfont!

Overfull \hbox (20.0pt too wide) in paragraph at lines 11--13
[]
 []


Overfull \hbox (18.91656pt too wide) in paragraph at lines 11--13
\OT1/cmr/bx/n/10 Ab-
 []


Overfull \hbox (28.91788pt too wide) in paragraph at lines 11--13
\OT1/cmr/bx/n/10 stract
 []


! LaTeX Error: Missing \begin{document}.

See the LaTeX manual or LaTeX Companion for explanation.
Type  H <return>  for immediate help.
 ...                                              
                                                  
l.14 I
      n this short article we will discuss about \LaTeX\,  for your disserta...

You're in trouble here.  Try typing  <return>  to proceed.
If that doesn't work, type  X <return>  to quit.

Missing character: There is no I in font nullfont!
Missing character: There is no n in font nullfont!
Missing character: There is no t in font nullfont!
Missing character: There is no h in font nullfont!
Missing character: There is no i in font nullfont!
Missing character: There is no s in font nullfont!
Missing character: There is no s in font nullfont!
Missing character: There is no h in font nullfont!
Missing character: There is no o in font nullfont!
Missing character: There is no r in font nullfont!
Missing character: There is no t in font nullfont!
Missing character: There is no a in font nullfont!
Missing character: There is no r in font nullfont!
Missing character: There is no t in font nullfont!
Missing character: There is no i in font nullfont!
Missing character: There is no c in font nullfont!
Missing character: There is no l in font nullfont!
Missing character: There is no e in font nullfont!
Missing character: There is no w in font nullfont!
Missing character: There is no e in font nullfont!
Missing character: There is no w in font nullfont!
Missing character: There is no i in font nullfont!
Missing character: There is no l in font nullfont!
Missing character: There is no l in font nullfont!
Missing character: There is no d in font nullfont!
Missing character: There is no i in font nullfont!
Missing character: There is no s in font nullfont!
Missing character: There is no c in font nullfont!
Missing character: There is no u in font nullfont!
Missing character: There is no s in font nullfont!
Missing character: There is no s in font nullfont!
Missing character: There is no a in font nullfont!
Missing character: There is no b in font nullfont!
Missing character: There is no o in font nullfont!
Missing character: There is no u in font nullfont!
Missing character: There is no t in font nullfont!
Missing character: There is no L in font nullfont!
Missing character: There is no T in font nullfont!
Missing character: There is no T in font nullfont!
Missing character: There is no E in font nullfont!
Missing character: There is no X in font nullfont!
Missing character: There is no f in font nullfont!
Missing character: There is no o in font nullfont!
Missing character: There is no r in font nullfont!
Missing character: There is no y in font nullfont!
Missing character: There is no o in font nullfont!
Missing character: There is no u in font nullfont!
Missing character: There is no r in font nullfont!
Missing character: There is no d in font nullfont!
Missing character: There is no i in font nullfont!
Missing character: There is no s in font nullfont!
Missing character: There is no s in font nullfont!
Missing character: There is no e in font nullfont!
Missing character: There is no r in font nullfont!
Missing character: There is no t in font nullfont!
Missing character: There is no a in font nullfont!
Missing character: There is no t in font nullfont!
Missing character: There is no i in font nullfont!
Missing character: There is no o in font nullfont!
Missing character: There is no n in font nullfont!

Overfull \hbox (20.0pt too wide) in paragraph at lines 14--15
[]
 []


Overfull \hbox (5.90282pt too wide) in paragraph at lines 14--15
[][]
 []


! LaTeX Error: Missing \begin{document}.

See the LaTeX manual or LaTeX Companion for explanation.
Type  H <return>  for immediate help.
 ...                                              
                                                  
l.16 \textbf{Key Words:}
                         Dynamic Positioning, Ship Manoeuvrability ,Control ...

You're in trouble here.  Try typing  <return>  to proceed.
If that doesn't work, type  X <return>  to quit.

Missing character: There is no D in font nullfont!
Missing character: There is no y in font nullfont!
Missing character: There is no n in font nullfont!
Missing character: There is no a in font nullfont!
Missing character: There is no m in font nullfont!
Missing character: There is no i in font nullfont!
Missing character: There is no c in font nullfont!
Missing character: There is no P in font nullfont!
Missing character: There is no o in font nullfont!
Missing character: There is no s in font nullfont!
Missing character: There is no i in font nullfont!
Missing character: There is no t in font nullfont!
Missing character: There is no i in font nullfont!
Missing character: There is no o in font nullfont!
Missing character: There is no n in font nullfont!
Missing character: There is no i in font nullfont!
Missing character: There is no n in font nullfont!
Missing character: There is no g in font nullfont!
Missing character: There is no , in font nullfont!
Missing character: There is no S in font nullfont!
Missing character: There is no h in font nullfont!
Missing character: There is no i in font nullfont!
Missing character: There is no p in font nullfont!
Missing character: There is no M in font nullfont!
Missing character: There is no a in font nullfont!
Missing character: There is no n in font nullfont!
Missing character: There is no o in font nullfont!
Missing character: There is no e in font nullfont!
Missing character: There is no u in font nullfont!
Missing character: There is no v in font nullfont!
Missing character: There is no r in font nullfont!
Missing character: There is no a in font nullfont!
Missing character: There is no b in font nullfont!
Missing character: There is no i in font nullfont!
Missing character: There is no l in font nullfont!
Missing character: There is no i in font nullfont!
Missing character: There is no t in font nullfont!
Missing character: There is no y in font nullfont!
Missing character: There is no , in font nullfont!
Missing character: There is no C in font nullfont!
Missing character: There is no o in font nullfont!
Missing character: There is no n in font nullfont!
Missing character: There is no t in font nullfont!
Missing character: There is no r in font nullfont!
Missing character: There is no o in font nullfont!
Missing character: There is no l in font nullfont!
Missing character: There is no A in font nullfont!
Missing character: There is no l in font nullfont!
Missing character: There is no g in font nullfont!
Missing character: There is no o in font nullfont!
Missing character: There is no r in font nullfont!
Missing character: There is no i in font nullfont!
Missing character: There is no t in font nullfont!
Missing character: There is no h in font nullfont!
Missing character: There is no m in font nullfont!
Missing character: There is no , in font nullfont!
Missing character: There is no S in font nullfont!
Missing character: There is no t in font nullfont!
Missing character: There is no a in font nullfont!
Missing character: There is no t in font nullfont!
Missing character: There is no e in font nullfont!
Missing character: There is no E in font nullfont!
Missing character: There is no s in font nullfont!
Missing character: There is no t in font nullfont!
Missing character: There is no i in font nullfont!
Missing character: There is no m in font nullfont!
Missing character: There is no a in font nullfont!
Missing character: There is no t in font nullfont!
Missing character: There is no e in font nullfont!
Missing character: There is no A in font nullfont!
Missing character: There is no l in font nullfont!
Missing character: There is no g in font nullfont!
Missing character: There is no o in font nullfont!
Missing character: There is no r in font nullfont!
Missing character: There is no i in font nullfont!
Missing character: There is no t in font nullfont!
Missing character: There is no h in font nullfont!
Missing character: There is no m in font nullfont!

Overfull \hbox (40.35406pt too wide) in paragraph at lines 16--18
[]\OT1/cmr/bx/n/10 Key
 []


Overfull \hbox (35.53592pt too wide) in paragraph at lines 16--18
\OT1/cmr/bx/n/10 Words:
 []

)
! Emergency stop.
<*> abstract.tex
                
*** (job aborted, no legal \end found)

 
Here is how much of TeX's memory you used:
 10 strings out of 493638
 111 string characters out of 6146795
 53540 words of memory out of 5000000
 3509 multiletter control sequences out of 15000+600000
 3948 words of font info for 15 fonts, out of 8000000 for 9000
 1328 hyphenation exceptions out of 8191
 17i,4n,12p,153b,113s stack positions out of 5000i,500n,10000p,200000b,80000s
Output written on abstract.pdf (1 page).
