This is XeTeX, Version 3.14159265-2.6-0.99992 (TeX Live 2015/Debian) (preloaded format=xelatex 2017.12.27)  30 DEC 2017 14:03
entering extended mode
 restricted \write18 enabled.
 %&-line parsing enabled.
**chapter1.tex
(./chapter1.tex
LaTeX2e <2016/02/01>
Babel <3.9q> and hyphenation patterns for 81 language(s) loaded.
! Undefined control sequence.
l.3 \section
            {总体架构}
The control sequence at the end of the top line
of your error message was never \def'ed. If you have
misspelled it (e.g., `\hobx'), type `I' and the correct
spelling (e.g., `I\hbox'). Otherwise just continue,
and I'll forget about whatever was undefined.


! LaTeX Error: Missing \begin{document}.

See the LaTeX manual or LaTeX Companion for explanation.
Type  H <return>  for immediate help.
 ...                                              
                                                  
l.3 \section{总
                体架构}
You're in trouble here.  Try typing  <return>  to proceed.
If that doesn't work, type  X <return>  to quit.

Missing character: There is no 总 in font nullfont!
Missing character: There is no 体 in font nullfont!
Missing character: There is no 架 in font nullfont!
Missing character: There is no 构 in font nullfont!
! Undefined control sequence.
l.4 \subsubsection
                  {项目背景}
The control sequence at the end of the top line
of your error message was never \def'ed. If you have
misspelled it (e.g., `\hobx'), type `I' and the correct
spelling (e.g., `I\hbox'). Otherwise just continue,
and I'll forget about whatever was undefined.

Missing character: There is no 项 in font nullfont!
Missing character: There is no 目 in font nullfont!
Missing character: There is no 背 in font nullfont!
Missing character: There is no 景 in font nullfont!
Missing character: There is no 本 in font nullfont!
Missing character: There is no 设 in font nullfont!
Missing character: There is no 计 in font nullfont!
Missing character: There is no 的 in font nullfont!
Missing character: There is no 目 in font nullfont!
Missing character: There is no 的 in font nullfont!
Missing character: There is no 是 in font nullfont!
Missing character: There is no 用 in font nullfont!
Missing character: There is no 最 in font nullfont!
Missing character: There is no 少 in font nullfont!
Missing character: There is no 的 in font nullfont!
Missing character: There is no 设 in font nullfont!
Missing character: There is no 备 in font nullfont!
Missing character: There is no 取 in font nullfont!
Missing character: There is no 模 in font nullfont!
Missing character: There is no 拟 in font nullfont!
Missing character: There is no 一 in font nullfont!
Missing character: There is no 个 in font nullfont!
Missing character: There is no 校 in font nullfont!
Missing character: There is no 园 in font nullfont!
Missing character: There is no 网 in font nullfont!
Missing character: There is no 络 in font nullfont!
Missing character: There is no , in font nullfont!
Missing character: There is no 如 in font nullfont!
Missing character: There is no 图 in font nullfont!

LaTeX Warning: Reference `fig:top_realmeaning' on page 1 undefined on input lin
e 5.

Missing character: There is no 所 in font nullfont!
Missing character: There is no 示 in font nullfont!
Missing character: There is no , in font nullfont!
Missing character: There is no 校 in font nullfont!
Missing character: There is no 园 in font nullfont!
Missing character: There is no 内 in font nullfont!
Missing character: There is no 部 in font nullfont!
Missing character: There is no 通 in font nullfont!
Missing character: There is no 过 in font nullfont!
Missing character: There is no 网 in font nullfont!
Missing character: There is no 络 in font nullfont!
Missing character: There is no 中 in font nullfont!
Missing character: There is no 心 in font nullfont!
Missing character: There is no 的 in font nullfont!
Missing character: There is no 的 in font nullfont!
Missing character: There is no 路 in font nullfont!
Missing character: There is no 由 in font nullfont!
Missing character: There is no 器 in font nullfont!
Missing character: There is no 接 in font nullfont!
Missing character: There is no 入 in font nullfont!
Missing character: There is no 外 in font nullfont!
Missing character: There is no 网 in font nullfont!
Missing character: There is no , in font nullfont!
Missing character: There is no 该 in font nullfont!
Missing character: There is no 路 in font nullfont!
Missing character: There is no 由 in font nullfont!
Missing character: There is no 器 in font nullfont!
Missing character: There is no 通 in font nullfont!
Missing character: There is no 过 in font nullfont!
Missing character: There is no 一 in font nullfont!
Missing character: There is no 台 in font nullfont!
Missing character: There is no 三 in font nullfont!
Missing character: There is no 层 in font nullfont!
Missing character: There is no 交 in font nullfont!
Missing character: There is no 换 in font nullfont!
Missing character: There is no 机 in font nullfont!
Missing character: There is no 和 in font nullfont!
Missing character: There is no 校 in font nullfont!
Missing character: There is no 园 in font nullfont!
Missing character: There is no 内 in font nullfont!
Missing character: There is no 部 in font nullfont!
Missing character: There is no 各 in font nullfont!
Missing character: There is no 节 in font nullfont!
Missing character: There is no 点 in font nullfont!
Missing character: There is no 相 in font nullfont!
Missing character: There is no 连 in font nullfont!
Missing character: There is no . in font nullfont!
Missing character: There is no 校 in font nullfont!
Missing character: There is no 内 in font nullfont!
Missing character: There is no 分 in font nullfont!
Missing character: There is no 为 in font nullfont!
Missing character: There is no 教 in font nullfont!
Missing character: There is no 学 in font nullfont!
Missing character: There is no 区 in font nullfont!
Missing character: There is no 和 in font nullfont!
Missing character: There is no 非 in font nullfont!
Missing character: There is no 教 in font nullfont!
Missing character: There is no 学 in font nullfont!
Missing character: There is no 区 in font nullfont!
Missing character: There is no , in font nullfont!
Missing character: There is no 教 in font nullfont!
Missing character: There is no 学 in font nullfont!
Missing character: There is no 区 in font nullfont!
Missing character: There is no 用 in font nullfont!
Missing character: There is no 教 in font nullfont!
Missing character: There is no 一 in font nullfont!
Missing character: There is no 和 in font nullfont!
Missing character: There is no 教 in font nullfont!
Missing character: There is no 二 in font nullfont!
Missing character: There is no 表 in font nullfont!
Missing character: There is no 示 in font nullfont!
Missing character: There is no . in font nullfont!
Missing character: There is no 每 in font nullfont!
Missing character: There is no 个 in font nullfont!
Missing character: There is no 教 in font nullfont!
Missing character: There is no 学 in font nullfont!
Missing character: There is no 楼 in font nullfont!
Missing character: There is no 又 in font nullfont!
Missing character: There is no 多 in font nullfont!
Missing character: There is no 个 in font nullfont!
Missing character: There is no 部 in font nullfont!
Missing character: There is no 门 in font nullfont!
Missing character: There is no , in font nullfont!
Missing character: There is no 在 in font nullfont!
Missing character: There is no 此 in font nullfont!
Missing character: There is no 我 in font nullfont!
Missing character: There is no 们 in font nullfont!
Missing character: There is no 令 in font nullfont!
Missing character: There is no 每 in font nullfont!
Missing character: There is no 个 in font nullfont!
Missing character: There is no 教 in font nullfont!
Missing character: There is no 学 in font nullfont!
Missing character: There is no 楼 in font nullfont!
Missing character: There is no 有 in font nullfont!
Missing character: There is no 财 in font nullfont!
Missing character: There is no 务 in font nullfont!
Missing character: There is no 处 in font nullfont!
Missing character: There is no 和 in font nullfont!
Missing character: There is no 教 in font nullfont!
Missing character: There is no 务 in font nullfont!
Missing character: There is no 处 in font nullfont!
Missing character: There is no . in font nullfont!
Missing character: There is no 非 in font nullfont!
Missing character: There is no 教 in font nullfont!
Missing character: There is no 学 in font nullfont!
Missing character: There is no 区 in font nullfont!
Missing character: There is no 用 in font nullfont!
Missing character: There is no 一 in font nullfont!
Missing character: There is no 个 in font nullfont!
Missing character: There is no 宿 in font nullfont!
Missing character: There is no 舍 in font nullfont!
Missing character: There is no 楼 in font nullfont!
Missing character: There is no 来 in font nullfont!
Missing character: There is no 表 in font nullfont!
Missing character: There is no 示 in font nullfont!
Missing character: There is no . in font nullfont!
Missing character: There is no 我 in font nullfont!
Missing character: There is no 们 in font nullfont!
Missing character: There is no 认 in font nullfont!
Missing character: There is no 为 in font nullfont!
Missing character: There is no 该 in font nullfont!
Missing character: There is no 校 in font nullfont!
Missing character: There is no 园 in font nullfont!
Missing character: There is no 网 in font nullfont!
Missing character: There is no 应 in font nullfont!
Missing character: There is no 该 in font nullfont!
Missing character: There is no 满 in font nullfont!
Missing character: There is no 足 in font nullfont!
Missing character: There is no 如 in font nullfont!
Missing character: There is no 下 in font nullfont!
Missing character: There is no 需 in font nullfont!
Missing character: There is no 求 in font nullfont!
Missing character: There is no : in font nullfont!

! LaTeX Error: Environment figure undefined.

See the LaTeX manual or LaTeX Companion for explanation.
Type  H <return>  for immediate help.
 ...                                              
                                                  
l.7 \begin{figure}
                  [thbp!]
Your command was ignored.
Type  I <command> <return>  to replace it with another command,
or  <return>  to continue without it.

Missing character: There is no [ in font nullfont!
Missing character: There is no t in font nullfont!
Missing character: There is no h in font nullfont!
Missing character: There is no b in font nullfont!
Missing character: There is no p in font nullfont!
Missing character: There is no ! in font nullfont!
Missing character: There is no ] in font nullfont!
! Undefined control sequence.
l.9 \includegraphics
                    [width=0.9\linewidth]{figure/top_realmeaning.jpg}
The control sequence at the end of the top line
of your error message was never \def'ed. If you have
misspelled it (e.g., `\hobx'), type `I' and the correct
spelling (e.g., `I\hbox'). Otherwise just continue,
and I'll forget about whatever was undefined.

Missing character: There is no [ in font nullfont!
Missing character: There is no w in font nullfont!
Missing character: There is no i in font nullfont!
Missing character: There is no d in font nullfont!
Missing character: There is no t in font nullfont!
Missing character: There is no h in font nullfont!
Missing character: There is no = in font nullfont!
Missing character: There is no 0 in font nullfont!
Missing character: There is no . in font nullfont!
Missing character: There is no 9 in font nullfont!
! Missing number, treated as zero.
<to be read again> 
                   ]
l.9 \includegraphics[width=0.9\linewidth]
                                         {figure/top_realmeaning.jpg}
A number should have been here; I inserted `0'.
(If you can't figure out why I needed to see a number,
look up `weird error' in the index to The TeXbook.)

! Illegal unit of measure (pt inserted).
<to be read again> 
                   ]
l.9 \includegraphics[width=0.9\linewidth]
                                         {figure/top_realmeaning.jpg}
Dimensions can be in units of em, ex, in, pt, pc,
cm, mm, dd, cc, bp, or sp; but yours is a new one!
I'll assume that you meant to say pt, for printer's points.
To recover gracefully from this error, it's best to
delete the erroneous units; e.g., type `2' to delete
two letters. (See Chapter 27 of The TeXbook.)

Missing character: There is no ] in font nullfont!
Missing character: There is no f in font nullfont!
Missing character: There is no i in font nullfont!
Missing character: There is no g in font nullfont!
Missing character: There is no u in font nullfont!
Missing character: There is no r in font nullfont!
Missing character: There is no e in font nullfont!
Missing character: There is no / in font nullfont!
Missing character: There is no t in font nullfont!
Missing character: There is no o in font nullfont!
Missing character: There is no p in font nullfont!
! Missing $ inserted.
<inserted text> 
                $
l.9 ...degraphics[width=0.9\linewidth]{figure/top_
                                                  realmeaning.jpg}
I've inserted a begin-math/end-math symbol since I think
you left one out. Proceed, with fingers crossed.

LaTeX Font Info:    External font `cmex10' loaded for size
(Font)              <7> on input line 9.
LaTeX Font Info:    External font `cmex10' loaded for size
(Font)              <5> on input line 9.
! Extra }, or forgotten $.
l.9 ...=0.9\linewidth]{figure/top_realmeaning.jpg}
                                                  
I've deleted a group-closing symbol because it seems to be
spurious, as in `$x}$'. But perhaps the } is legitimate and
you forgot something else, as in `\hbox{$x}'. In such cases
the way to recover is to insert both the forgotten and the
deleted material, e.g., by typing `I$}'.


! LaTeX Error: \caption outside float.

See the LaTeX manual or LaTeX Companion for explanation.
Type  H <return>  for immediate help.
 ...                                              
                                                  
l.10 \caption
             { 模拟场景}
You're in trouble here.  Try typing  <return>  to proceed.
If that doesn't work, type  X <return>  to quit.


! LaTeX Error: \begin{document} ended by \end{figure}.

See the LaTeX manual or LaTeX Companion for explanation.
Type  H <return>  for immediate help.
 ...                                              
                                                  
l.12 \end{figure}
                 
Your command was ignored.
Type  I <command> <return>  to replace it with another command,
or  <return>  to continue without it.

! Missing $ inserted.
<inserted text> 
                $
l.12 \end{figure}
                 
I've inserted something that you may have forgotten.
(See the <inserted text> above.)
With luck, this will get me unwedged. But if you
really didn't forget anything, try typing `2' now; then
my insertion and my current dilemma will both disappear.

Missing character: There is no 模 in font cmr10!
Missing character: There is no 拟 in font cmr10!
Missing character: There is no 场 in font cmr10!
Missing character: There is no 景 in font cmr10!
! Missing } inserted.
<inserted text> 
                }
l.12 \end{figure}
                 
I've inserted something that you may have forgotten.
(See the <inserted text> above.)
With luck, this will get me unwedged. But if you
really didn't forget anything, try typing `2' now; then
my insertion and my current dilemma will both disappear.


Overfull \hbox (20.0pt too wide) in paragraph at lines 3--13
[]
 []


Overfull \hbox (10.86105pt too wide) in paragraph at lines 3--13
[]
 []


Overfull \hbox (74.47955pt too wide) in paragraph at lines 3--13
[]\OML/cmm/m/it/10 ealmeaning:jpg[][]$ 
 []


! LaTeX Error: Missing \begin{document}.

See the LaTeX manual or LaTeX Companion for explanation.
Type  H <return>  for immediate help.
 ...                                              
                                                  
l.14 \noindent
               \textbf{基本通信方面:}
You're in trouble here.  Try typing  <return>  to proceed.
If that doesn't work, type  X <return>  to quit.

Missing character: There is no 基 in font cmbx10!
Missing character: There is no 本 in font cmbx10!
Missing character: There is no 通 in font cmbx10!
Missing character: There is no 信 in font cmbx10!
Missing character: There is no 方 in font cmbx10!
Missing character: There is no 面 in font cmbx10!

Overfull \hbox (3.19443pt too wide) in paragraph at lines 14--15
\OT1/cmr/bx/n/10 : 
 []

Missing character: There is no 所 in font nullfont!
Missing character: There is no 有 in font nullfont!
Missing character: There is no 校 in font nullfont!
Missing character: There is no 内 in font nullfont!
Missing character: There is no 终 in font nullfont!
Missing character: There is no 端 in font nullfont!
Missing character: There is no 能 in font nullfont!
Missing character: There is no 够 in font nullfont!
Missing character: There is no 访 in font nullfont!
Missing character: There is no 问 in font nullfont!
Missing character: There is no 外 in font nullfont!
Missing character: There is no 网 in font nullfont!
Missing character: There is no 所 in font nullfont!
Missing character: There is no 有 in font nullfont!
Missing character: There is no 校 in font nullfont!
Missing character: There is no 内 in font nullfont!
Missing character: There is no 终 in font nullfont!
Missing character: There is no 端 in font nullfont!
Missing character: There is no 能 in font nullfont!
Missing character: There is no 够 in font nullfont!
Missing character: There is no 访 in font nullfont!
Missing character: There is no 问 in font nullfont!
Missing character: There is no 内 in font nullfont!
Missing character: There is no 网 in font nullfont!
Missing character: There is no 服 in font nullfont!
Missing character: There is no 务 in font nullfont!
Missing character: There is no 器 in font nullfont!
Missing character: There is no 外 in font nullfont!
Missing character: There is no 网 in font nullfont!
Missing character: There is no 终 in font nullfont!
Missing character: There is no 端 in font nullfont!
Missing character: There is no 也 in font nullfont!
Missing character: There is no 能 in font nullfont!
Missing character: There is no 够 in font nullfont!
Missing character: There is no 访 in font nullfont!
Missing character: There is no 问 in font nullfont!
Missing character: There is no 内 in font nullfont!
Missing character: There is no 网 in font nullfont!
Missing character: There is no 服 in font nullfont!
Missing character: There is no 务 in font nullfont!
Missing character: There is no 器 in font nullfont!
Missing character: There is no 安 in font cmbx10!
Missing character: There is no 全 in font cmbx10!
Missing character: There is no 方 in font cmbx10!
Missing character: There is no 面 in font cmbx10!

Overfull \hbox (3.19443pt too wide) in paragraph at lines 20--21
\OT1/cmr/bx/n/10 : 
 []

Missing character: There is no 不 in font nullfont!
Missing character: There is no 同 in font nullfont!
Missing character: There is no 教 in font nullfont!
Missing character: There is no 学 in font nullfont!
Missing character: There is no 楼 in font nullfont!
Missing character: There is no 之 in font nullfont!
Missing character: There is no 间 in font nullfont!
Missing character: There is no 相 in font nullfont!
Missing character: There is no 同 in font nullfont!
Missing character: There is no 部 in font nullfont!
Missing character: There is no 门 in font nullfont!
Missing character: There is no 之 in font nullfont!
Missing character: There is no 间 in font nullfont!
Missing character: There is no 是 in font nullfont!
Missing character: There is no 互 in font nullfont!
Missing character: There is no 通 in font nullfont!
Missing character: There is no 的 in font nullfont!
Missing character: There is no , in font nullfont!
Missing character: There is no 不 in font nullfont!
Missing character: There is no 同 in font nullfont!
Missing character: There is no 部 in font nullfont!
Missing character: There is no 门 in font nullfont!
Missing character: There is no 之 in font nullfont!
Missing character: There is no 间 in font nullfont!
Missing character: There is no 是 in font nullfont!
Missing character: There is no 隔 in font nullfont!
Missing character: There is no 离 in font nullfont!
Missing character: There is no 的 in font nullfont!
Missing character: There is no . in font nullfont!
Missing character: There is no 比 in font nullfont!
Missing character: There is no 如 in font nullfont!
Missing character: There is no 教 in font nullfont!
Missing character: There is no 一 in font nullfont!
Missing character: There is no 的 in font nullfont!
Missing character: There is no 财 in font nullfont!
Missing character: There is no 务 in font nullfont!
Missing character: There is no 处 in font nullfont!
Missing character: There is no 能 in font nullfont!
Missing character: There is no 够 in font nullfont!
Missing character: There is no 教 in font nullfont!
Missing character: There is no 二 in font nullfont!
Missing character: There is no 的 in font nullfont!
Missing character: There is no 财 in font nullfont!
Missing character: There is no 务 in font nullfont!
Missing character: There is no 处 in font nullfont!
Missing character: There is no 互 in font nullfont!
Missing character: There is no 通 in font nullfont!
Missing character: There is no , in font nullfont!
Missing character: There is no 但 in font nullfont!
Missing character: There is no 是 in font nullfont!
Missing character: There is no 和 in font nullfont!
Missing character: There is no 教 in font nullfont!
Missing character: There is no 一 in font nullfont!
Missing character: There is no 的 in font nullfont!
Missing character: There is no 教 in font nullfont!
Missing character: There is no 务 in font nullfont!
Missing character: There is no 处 in font nullfont!
Missing character: There is no 以 in font nullfont!
Missing character: There is no 及 in font nullfont!
Missing character: There is no 教 in font nullfont!
Missing character: There is no 二 in font nullfont!
Missing character: There is no 的 in font nullfont!
Missing character: There is no 教 in font nullfont!
Missing character: There is no 务 in font nullfont!
Missing character: There is no 处 in font nullfont!
Missing character: There is no 是 in font nullfont!
Missing character: There is no 隔 in font nullfont!
Missing character: There is no 离 in font nullfont!
Missing character: There is no 的 in font nullfont!
Missing character: There is no . in font nullfont!
Missing character: There is no 教 in font nullfont!
Missing character: There is no 学 in font nullfont!
Missing character: There is no 区 in font nullfont!
Missing character: There is no 和 in font nullfont!
Missing character: There is no 非 in font nullfont!
Missing character: There is no 教 in font nullfont!
Missing character: There is no 学 in font nullfont!
Missing character: There is no 区 in font nullfont!
Missing character: There is no 之 in font nullfont!
Missing character: There is no 间 in font nullfont!
Missing character: There is no 是 in font nullfont!
Missing character: There is no 隔 in font nullfont!
Missing character: There is no 离 in font nullfont!
Missing character: There is no 的 in font nullfont!
Missing character: There is no . in font nullfont!
Missing character: There is no 即 in font nullfont!
Missing character: There is no 宿 in font nullfont!
Missing character: There is no 舍 in font nullfont!
Missing character: There is no 和 in font nullfont!
Missing character: There is no 教 in font nullfont!
Missing character: There is no 一 in font nullfont!
Missing character: There is no 教 in font nullfont!
Missing character: There is no 二 in font nullfont!
Missing character: There is no 之 in font nullfont!
Missing character: There is no 间 in font nullfont!
Missing character: There is no 是 in font nullfont!
Missing character: There is no 隔 in font nullfont!
Missing character: There is no 离 in font nullfont!
Missing character: There is no 的 in font nullfont!
Missing character: There is no . in font nullfont!
Missing character: There is no 分 in font cmbx10!
Missing character: There is no 配 in font cmbx10!
Missing character: There is no 方 in font cmbx10!
Missing character: There is no 面 in font cmbx10!

Overfull \hbox (12.77771pt too wide) in paragraph at lines 25--26
\OT1/cmr/bx/n/10 ip: 
 []

Missing character: There is no 内 in font nullfont!
Missing character: There is no 网 in font nullfont!
Missing character: There is no 的 in font nullfont!
Missing character: There is no 服 in font nullfont!
Missing character: There is no 务 in font nullfont!
Missing character: There is no 器 in font nullfont!
Missing character: There is no 采 in font nullfont!
Missing character: There is no 用 in font nullfont!
Missing character: There is no 静 in font nullfont!
Missing character: There is no 态 in font nullfont!
Missing character: There is no i in font nullfont!
Missing character: There is no p in font nullfont!
Missing character: There is no . in font nullfont!
Missing character: There is no 为 in font nullfont!
Missing character: There is no 了 in font nullfont!
Missing character: There is no 节 in font nullfont!
Missing character: There is no 约 in font nullfont!
Missing character: There is no 资 in font nullfont!
Missing character: There is no 源 in font nullfont!
Missing character: There is no , in font nullfont!
Missing character: There is no 内 in font nullfont!
Missing character: There is no 网 in font nullfont!
Missing character: There is no 的 in font nullfont!
Missing character: There is no 其 in font nullfont!
Missing character: There is no 他 in font nullfont!
Missing character: There is no 终 in font nullfont!
Missing character: There is no 端 in font nullfont!
Missing character: There is no 采 in font nullfont!
Missing character: There is no 用 in font nullfont!
Missing character: There is no 动 in font nullfont!
Missing character: There is no 态 in font nullfont!
Missing character: There is no i in font nullfont!
Missing character: There is no p in font nullfont!
Missing character: There is no . in font nullfont!
Missing character: There is no 服 in font cmbx10!
Missing character: There is no 务 in font cmbx10!
Missing character: There is no 器 in font cmbx10!
Missing character: There is no 方 in font cmbx10!
Missing character: There is no 面 in font cmbx10!

Overfull \hbox (3.19443pt too wide) in paragraph at lines 30--31
\OT1/cmr/bx/n/10 : 
 []

Missing character: There is no 有 in font nullfont!
Missing character: There is no 校 in font nullfont!
Missing character: There is no 园 in font nullfont!
Missing character: There is no 网 in font nullfont!
Missing character: There is no 站 in font nullfont!
Missing character: There is no 服 in font nullfont!
Missing character: There is no 务 in font nullfont!
Missing character: There is no , in font nullfont!
Missing character: There is no 提 in font nullfont!
Missing character: There is no 供 in font nullfont!
Missing character: There is no 新 in font nullfont!
Missing character: There is no 闻 in font nullfont!
Missing character: There is no 等 in font nullfont!
Missing character: There is no 信 in font nullfont!
Missing character: There is no 息 in font nullfont!
Missing character: There is no 推 in font nullfont!
Missing character: There is no 送 in font nullfont!
Missing character: There is no . in font nullfont!
Missing character: There is no 文 in font nullfont!
Missing character: There is no 件 in font nullfont!
Missing character: There is no 共 in font nullfont!
Missing character: There is no 享 in font nullfont!
Missing character: There is no 服 in font nullfont!
Missing character: There is no 务 in font nullfont!
Missing character: There is no . in font nullfont!
Missing character: There is no 内 in font nullfont!
Missing character: There is no 网 in font nullfont!
Missing character: There is no d in font nullfont!
Missing character: There is no n in font nullfont!
Missing character: There is no s in font nullfont!
Missing character: There is no 服 in font nullfont!
Missing character: There is no 务 in font nullfont!
Missing character: There is no , in font nullfont!
Missing character: There is no 方 in font nullfont!
Missing character: There is no 便 in font nullfont!
Missing character: There is no 内 in font nullfont!
Missing character: There is no 网 in font nullfont!
Missing character: There is no 用 in font nullfont!
Missing character: There is no 户 in font nullfont!
Missing character: There is no 用 in font nullfont!
Missing character: There is no 域 in font nullfont!
Missing character: There is no 名 in font nullfont!
Missing character: There is no 来 in font nullfont!
Missing character: There is no 互 in font nullfont!
Missing character: There is no 相 in font nullfont!
Missing character: There is no 访 in font nullfont!
Missing character: There is no 问 in font nullfont!
Missing character: There is no . in font nullfont!
Missing character: There is no 上 in font nullfont!
Missing character: There is no 述 in font nullfont!
Missing character: There is no 内 in font nullfont!
Missing character: There is no 容 in font nullfont!
Missing character: There is no 大 in font nullfont!
Missing character: There is no 部 in font nullfont!
Missing character: There is no 分 in font nullfont!
Missing character: There is no 均 in font nullfont!
Missing character: There is no 已 in font nullfont!
Missing character: There is no 实 in font nullfont!
Missing character: There is no 现 in font nullfont!
Missing character: There is no , in font nullfont!
Missing character: There is no 但 in font nullfont!
Missing character: There is no 是 in font nullfont!
Missing character: There is no 在 in font nullfont!
Missing character: There is no 外 in font nullfont!
Missing character: There is no 网 in font nullfont!
Missing character: There is no 终 in font nullfont!
Missing character: There is no 端 in font nullfont!
Missing character: There is no 访 in font nullfont!
Missing character: There is no 问 in font nullfont!
Missing character: There is no 内 in font nullfont!
Missing character: There is no 网 in font nullfont!
Missing character: There is no 服 in font nullfont!
Missing character: There is no 务 in font nullfont!
Missing character: There is no 器 in font nullfont!
Missing character: There is no , in font nullfont!
Missing character: There is no 内 in font nullfont!
Missing character: There is no 网 in font nullfont!
Missing character: There is no d in font nullfont!
Missing character: There is no n in font nullfont!
Missing character: There is no s in font nullfont!
Missing character: There is no , in font nullfont!
Missing character: There is no 安 in font nullfont!
Missing character: There is no 全 in font nullfont!
Missing character: There is no 方 in font nullfont!
Missing character: There is no 面 in font nullfont!
Missing character: There is no 的 in font nullfont!
Missing character: There is no a in font nullfont!
Missing character: There is no c in font nullfont!
Missing character: There is no l in font nullfont!
Missing character: There is no 控 in font nullfont!
Missing character: There is no 制 in font nullfont!
Missing character: There is no 3 in font nullfont!
Missing character: There is no 个 in font nullfont!
Missing character: There is no 方 in font nullfont!
Missing character: There is no 面 in font nullfont!
Missing character: There is no 还 in font nullfont!
Missing character: There is no 没 in font nullfont!
Missing character: There is no 有 in font nullfont!
Missing character: There is no 成 in font nullfont!
Missing character: There is no 功 in font nullfont!
Missing character: There is no . in font nullfont!
! Undefined control sequence.
l.37 \subsectin
               {拓扑结构}
The control sequence at the end of the top line
of your error message was never \def'ed. If you have
misspelled it (e.g., `\hobx'), type `I' and the correct
spelling (e.g., `I\hbox'). Otherwise just continue,
and I'll forget about whatever was undefined.

Missing character: There is no 拓 in font nullfont!
Missing character: There is no 扑 in font nullfont!
Missing character: There is no 结 in font nullfont!
Missing character: There is no 构 in font nullfont!
Missing character: There is no 拓 in font nullfont!
Missing character: There is no 扑 in font nullfont!
Missing character: There is no 结 in font nullfont!
Missing character: There is no 构 in font nullfont!
Missing character: There is no 如 in font nullfont!
Missing character: There is no 图 in font nullfont!
)
! Emergency stop.
<*> chapter1.tex
                
*** (job aborted, no legal \end found)

 
Here is how much of TeX's memory you used:
 14 strings out of 493638
 151 string characters out of 6146795
 54540 words of memory out of 5000000
 3514 multiletter control sequences out of 15000+600000
 3948 words of font info for 15 fonts, out of 8000000 for 9000
 1328 hyphenation exceptions out of 8191
 19i,2n,19p,206b,89s stack positions out of 5000i,500n,10000p,200000b,80000s
No pages of output.
